Using CUDA with 1 GPUs
Train Epoch: 1 [0/51088 (0%)]	Loss: 3.430459
Train Epoch: 1 [1000/51088 (2%)]	Loss: 3.251339
Train Epoch: 1 [2000/51088 (4%)]	Loss: 3.014526
Train Epoch: 1 [3000/51088 (6%)]	Loss: 2.788256
Train Epoch: 1 [4000/51088 (8%)]	Loss: 2.524774
Train Epoch: 1 [5000/51088 (10%)]	Loss: 2.526677
Train Epoch: 1 [6000/51088 (12%)]	Loss: 2.303210
Train Epoch: 1 [7000/51088 (14%)]	Loss: 2.272621
Train Epoch: 1 [8000/51088 (16%)]	Loss: 2.128005
Train Epoch: 1 [9000/51088 (18%)]	Loss: 2.283774
Train Epoch: 1 [10000/51088 (20%)]	Loss: 2.338581
Train Epoch: 1 [11000/51088 (22%)]	Loss: 1.990601
Train Epoch: 1 [12000/51088 (23%)]	Loss: 1.801055
Train Epoch: 1 [13000/51088 (25%)]	Loss: 1.732573
Train Epoch: 1 [14000/51088 (27%)]	Loss: 1.856876
Train Epoch: 1 [15000/51088 (29%)]	Loss: 1.820284
Train Epoch: 1 [16000/51088 (31%)]	Loss: 1.743453
Train Epoch: 1 [17000/51088 (33%)]	Loss: 1.749187
Train Epoch: 1 [18000/51088 (35%)]	Loss: 1.700973
Train Epoch: 1 [19000/51088 (37%)]	Loss: 1.646938
Train Epoch: 1 [20000/51088 (39%)]	Loss: 1.778174
Train Epoch: 1 [21000/51088 (41%)]	Loss: 1.751737
Train Epoch: 1 [22000/51088 (43%)]	Loss: 1.608567
Train Epoch: 1 [23000/51088 (45%)]	Loss: 1.375389
Train Epoch: 1 [24000/51088 (47%)]	Loss: 1.554131
Train Epoch: 1 [25000/51088 (49%)]	Loss: 1.526676
Train Epoch: 1 [26000/51088 (51%)]	Loss: 1.571254
Train Epoch: 1 [27000/51088 (53%)]	Loss: 1.619460
Train Epoch: 1 [28000/51088 (55%)]	Loss: 1.149992
Train Epoch: 1 [29000/51088 (57%)]	Loss: 1.268805
Train Epoch: 1 [30000/51088 (59%)]	Loss: 1.479701
Train Epoch: 1 [31000/51088 (61%)]	Loss: 1.183501
Train Epoch: 1 [32000/51088 (63%)]	Loss: 1.613389
Train Epoch: 1 [33000/51088 (65%)]	Loss: 1.201663
Train Epoch: 1 [34000/51088 (67%)]	Loss: 1.247464
Train Epoch: 1 [35000/51088 (68%)]	Loss: 1.471745
Train Epoch: 1 [36000/51088 (70%)]	Loss: 1.403792
Train Epoch: 1 [37000/51088 (72%)]	Loss: 1.124125
Train Epoch: 1 [38000/51088 (74%)]	Loss: 0.997703
Train Epoch: 1 [39000/51088 (76%)]	Loss: 1.181090
Train Epoch: 1 [40000/51088 (78%)]	Loss: 1.232533
Train Epoch: 1 [41000/51088 (80%)]	Loss: 1.220647
Train Epoch: 1 [42000/51088 (82%)]	Loss: 1.320384
Train Epoch: 1 [43000/51088 (84%)]	Loss: 1.290389
Train Epoch: 1 [44000/51088 (86%)]	Loss: 1.211028
Train Epoch: 1 [45000/51088 (88%)]	Loss: 1.109918
Train Epoch: 1 [46000/51088 (90%)]	Loss: 1.075514
Train Epoch: 1 [47000/51088 (92%)]	Loss: 1.409643
Train Epoch: 1 [48000/51088 (94%)]	Loss: 0.913415
Train Epoch: 1 [49000/51088 (96%)]	Loss: 1.183528
Train Epoch: 1 [50000/51088 (98%)]	Loss: 1.194588
Train Epoch: 1 [44880/51088 (100%)]	Loss: 0.861033
/scratch/asd508/bdml/BDML/model.py:21: UserWarning: Implicit dimension choice for log_softmax has been deprecated. Change the call to include dim=X as an argument.
  return F.log_softmax(x)
/scratch/asd508/bdml/BDML/train.py:18: UserWarning: invalid index of a 0-dim tensor. This will be an error in PyTorch 0.5. Use tensor.item() to convert a 0-dim tensor to a Python number
  global_epoch_loss += loss.data[0]
/scratch/asd508/bdml/BDML/train.py:23: UserWarning: invalid index of a 0-dim tensor. This will be an error in PyTorch 0.5. Use tensor.item() to convert a 0-dim tensor to a Python number
  * batch_idx / len(loader), loss.data[0]))

Validation set: Average loss: 0.6930, Accuracy: 5467/6798 (80%)

Saving model...
/scratch/asd508/bdml/BDML/train.py:53: UserWarning: volatile was removed and now has no effect. Use `with torch.no_grad():` instead.
  data, target = Variable(data, volatile=True), Variable(target)
/home/asd508/.conda/envs/speech/lib/python3.6/site-packages/torch/nn/functional.py:52: UserWarning: size_average and reduce args will be deprecated, please use reduction='sum' instead.
  warnings.warn(warning.format(ret))
/scratch/asd508/bdml/BDML/train.py:55: UserWarning: invalid index of a 0-dim tensor. This will be an error in PyTorch 0.5. Use tensor.item() to convert a 0-dim tensor to a Python number
  test_loss += F.nll_loss(output, target, size_average=False).data[0]  # sum up batch loss
Train Epoch: 2 [0/51088 (0%)]	Loss: 1.002659
Train Epoch: 2 [1000/51088 (2%)]	Loss: 0.917304
Train Epoch: 2 [2000/51088 (4%)]	Loss: 0.974601
Train Epoch: 2 [3000/51088 (6%)]	Loss: 0.847516
Train Epoch: 2 [4000/51088 (8%)]	Loss: 1.148411
Train Epoch: 2 [5000/51088 (10%)]	Loss: 0.976828
Train Epoch: 2 [6000/51088 (12%)]	Loss: 0.957047
Train Epoch: 2 [7000/51088 (14%)]	Loss: 1.027438
Train Epoch: 2 [8000/51088 (16%)]	Loss: 0.790754
Train Epoch: 2 [9000/51088 (18%)]	Loss: 1.244212
Train Epoch: 2 [10000/51088 (20%)]	Loss: 0.944632
Train Epoch: 2 [11000/51088 (22%)]	Loss: 0.875079
Train Epoch: 2 [12000/51088 (23%)]	Loss: 0.874037
Train Epoch: 2 [13000/51088 (25%)]	Loss: 0.927633
Train Epoch: 2 [14000/51088 (27%)]	Loss: 0.925495
Train Epoch: 2 [15000/51088 (29%)]	Loss: 0.849923
Train Epoch: 2 [16000/51088 (31%)]	Loss: 0.782859
Train Epoch: 2 [17000/51088 (33%)]	Loss: 0.882235
Train Epoch: 2 [18000/51088 (35%)]	Loss: 0.686195
Train Epoch: 2 [19000/51088 (37%)]	Loss: 0.723307
Train Epoch: 2 [20000/51088 (39%)]	Loss: 0.981410
Train Epoch: 2 [21000/51088 (41%)]	Loss: 0.824899
Train Epoch: 2 [22000/51088 (43%)]	Loss: 0.950575
Train Epoch: 2 [23000/51088 (45%)]	Loss: 0.850806
Train Epoch: 2 [24000/51088 (47%)]	Loss: 0.703298
Train Epoch: 2 [25000/51088 (49%)]	Loss: 0.869209
Train Epoch: 2 [26000/51088 (51%)]	Loss: 0.964672
Train Epoch: 2 [27000/51088 (53%)]	Loss: 0.903554
Train Epoch: 2 [28000/51088 (55%)]	Loss: 1.198716
Train Epoch: 2 [29000/51088 (57%)]	Loss: 0.808245
Train Epoch: 2 [30000/51088 (59%)]	Loss: 0.917223
Train Epoch: 2 [31000/51088 (61%)]	Loss: 0.741296
Train Epoch: 2 [32000/51088 (63%)]	Loss: 0.905042
Train Epoch: 2 [33000/51088 (65%)]	Loss: 0.694811
Train Epoch: 2 [34000/51088 (67%)]	Loss: 0.917233
Train Epoch: 2 [35000/51088 (68%)]	Loss: 0.702459
Train Epoch: 2 [36000/51088 (70%)]	Loss: 0.810360
Train Epoch: 2 [37000/51088 (72%)]	Loss: 0.911031
Train Epoch: 2 [38000/51088 (74%)]	Loss: 0.878480
Train Epoch: 2 [39000/51088 (76%)]	Loss: 0.839090
Train Epoch: 2 [40000/51088 (78%)]	Loss: 1.120473
Train Epoch: 2 [41000/51088 (80%)]	Loss: 0.716369
Train Epoch: 2 [42000/51088 (82%)]	Loss: 0.722755
Train Epoch: 2 [43000/51088 (84%)]	Loss: 0.674696
Train Epoch: 2 [44000/51088 (86%)]	Loss: 1.040049
Train Epoch: 2 [45000/51088 (88%)]	Loss: 0.757832
Train Epoch: 2 [46000/51088 (90%)]	Loss: 0.731027
Train Epoch: 2 [47000/51088 (92%)]	Loss: 0.864896
Train Epoch: 2 [48000/51088 (94%)]	Loss: 0.767065
Train Epoch: 2 [49000/51088 (96%)]	Loss: 0.543981
Train Epoch: 2 [50000/51088 (98%)]	Loss: 1.001458
Train Epoch: 2 [44880/51088 (100%)]	Loss: 0.850900

Validation set: Average loss: 0.5079, Accuracy: 5799/6798 (85%)

Saving model...
Train Epoch: 3 [0/51088 (0%)]	Loss: 0.587277
Train Epoch: 3 [1000/51088 (2%)]	Loss: 0.759181
Train Epoch: 3 [2000/51088 (4%)]	Loss: 0.825897
Train Epoch: 3 [3000/51088 (6%)]	Loss: 0.753741
Train Epoch: 3 [4000/51088 (8%)]	Loss: 0.930311
Train Epoch: 3 [5000/51088 (10%)]	Loss: 0.546858
Train Epoch: 3 [6000/51088 (12%)]	Loss: 0.511915
Train Epoch: 3 [7000/51088 (14%)]	Loss: 0.685848
Train Epoch: 3 [8000/51088 (16%)]	Loss: 1.088315
Train Epoch: 3 [9000/51088 (18%)]	Loss: 0.610999
Train Epoch: 3 [10000/51088 (20%)]	Loss: 0.702179
Train Epoch: 3 [11000/51088 (22%)]	Loss: 0.570829
Train Epoch: 3 [12000/51088 (23%)]	Loss: 1.043510
Train Epoch: 3 [13000/51088 (25%)]	Loss: 0.644508
Train Epoch: 3 [14000/51088 (27%)]	Loss: 0.502677
Train Epoch: 3 [15000/51088 (29%)]	Loss: 0.695406
Train Epoch: 3 [16000/51088 (31%)]	Loss: 0.896108
Train Epoch: 3 [17000/51088 (33%)]	Loss: 0.559989
Train Epoch: 3 [18000/51088 (35%)]	Loss: 0.645424
Train Epoch: 3 [19000/51088 (37%)]	Loss: 0.579546
Train Epoch: 3 [20000/51088 (39%)]	Loss: 0.646347
Train Epoch: 3 [21000/51088 (41%)]	Loss: 0.722165
Train Epoch: 3 [22000/51088 (43%)]	Loss: 0.937522
Train Epoch: 3 [23000/51088 (45%)]	Loss: 0.510268
Train Epoch: 3 [24000/51088 (47%)]	Loss: 0.561815
Train Epoch: 3 [25000/51088 (49%)]	Loss: 1.181125
Train Epoch: 3 [26000/51088 (51%)]	Loss: 0.500093
Train Epoch: 3 [27000/51088 (53%)]	Loss: 0.601030
Train Epoch: 3 [28000/51088 (55%)]	Loss: 0.857312
Train Epoch: 3 [29000/51088 (57%)]	Loss: 0.540744
Train Epoch: 3 [30000/51088 (59%)]	Loss: 0.492674
Train Epoch: 3 [31000/51088 (61%)]	Loss: 0.570036
Train Epoch: 3 [32000/51088 (63%)]	Loss: 0.751752
Train Epoch: 3 [33000/51088 (65%)]	Loss: 0.613369
Train Epoch: 3 [34000/51088 (67%)]	Loss: 0.650786
Train Epoch: 3 [35000/51088 (68%)]	Loss: 0.759621
Train Epoch: 3 [36000/51088 (70%)]	Loss: 0.518740
Train Epoch: 3 [37000/51088 (72%)]	Loss: 0.723788
Train Epoch: 3 [38000/51088 (74%)]	Loss: 0.560885
Train Epoch: 3 [39000/51088 (76%)]	Loss: 0.562561
Train Epoch: 3 [40000/51088 (78%)]	Loss: 0.696437
Train Epoch: 3 [41000/51088 (80%)]	Loss: 0.653542
Train Epoch: 3 [42000/51088 (82%)]	Loss: 0.779116
Train Epoch: 3 [43000/51088 (84%)]	Loss: 0.641819
Train Epoch: 3 [44000/51088 (86%)]	Loss: 0.742627
Train Epoch: 3 [45000/51088 (88%)]	Loss: 0.582057
Train Epoch: 3 [46000/51088 (90%)]	Loss: 0.742801
Train Epoch: 3 [47000/51088 (92%)]	Loss: 0.649951
Train Epoch: 3 [48000/51088 (94%)]	Loss: 0.676933
Train Epoch: 3 [49000/51088 (96%)]	Loss: 0.626349
Train Epoch: 3 [50000/51088 (98%)]	Loss: 0.602088
Train Epoch: 3 [44880/51088 (100%)]	Loss: 0.763102

Validation set: Average loss: 0.4547, Accuracy: 5890/6798 (86%)

Saving model...
Train Epoch: 4 [0/51088 (0%)]	Loss: 0.599367
Train Epoch: 4 [1000/51088 (2%)]	Loss: 0.613108
Train Epoch: 4 [2000/51088 (4%)]	Loss: 0.606287
Train Epoch: 4 [3000/51088 (6%)]	Loss: 0.496370
Train Epoch: 4 [4000/51088 (8%)]	Loss: 0.475650
Train Epoch: 4 [5000/51088 (10%)]	Loss: 0.429259
Train Epoch: 4 [6000/51088 (12%)]	Loss: 0.615247
Train Epoch: 4 [7000/51088 (14%)]	Loss: 0.644551
Train Epoch: 4 [8000/51088 (16%)]	Loss: 0.490738
Train Epoch: 4 [9000/51088 (18%)]	Loss: 0.412953
Train Epoch: 4 [10000/51088 (20%)]	Loss: 0.513128
Train Epoch: 4 [11000/51088 (22%)]	Loss: 0.679299
Train Epoch: 4 [12000/51088 (23%)]	Loss: 0.560449
Train Epoch: 4 [13000/51088 (25%)]	Loss: 0.478645
Train Epoch: 4 [14000/51088 (27%)]	Loss: 0.612541
Train Epoch: 4 [15000/51088 (29%)]	Loss: 0.573407
Train Epoch: 4 [16000/51088 (31%)]	Loss: 0.701099
Train Epoch: 4 [17000/51088 (33%)]	Loss: 0.589094
Train Epoch: 4 [18000/51088 (35%)]	Loss: 0.681800
Train Epoch: 4 [19000/51088 (37%)]	Loss: 0.867775
Train Epoch: 4 [20000/51088 (39%)]	Loss: 0.460420
Train Epoch: 4 [21000/51088 (41%)]	Loss: 0.500648
Train Epoch: 4 [22000/51088 (43%)]	Loss: 0.593907
Train Epoch: 4 [23000/51088 (45%)]	Loss: 0.754945
Train Epoch: 4 [24000/51088 (47%)]	Loss: 0.401424
Train Epoch: 4 [25000/51088 (49%)]	Loss: 0.657849
Train Epoch: 4 [26000/51088 (51%)]	Loss: 0.625050
Train Epoch: 4 [27000/51088 (53%)]	Loss: 0.526489
Train Epoch: 4 [28000/51088 (55%)]	Loss: 0.640462
Train Epoch: 4 [29000/51088 (57%)]	Loss: 0.699362
Train Epoch: 4 [30000/51088 (59%)]	Loss: 0.588803
Train Epoch: 4 [31000/51088 (61%)]	Loss: 0.600652
Train Epoch: 4 [32000/51088 (63%)]	Loss: 0.656684
Train Epoch: 4 [33000/51088 (65%)]	Loss: 0.625038
Train Epoch: 4 [34000/51088 (67%)]	Loss: 0.761740
Train Epoch: 4 [35000/51088 (68%)]	Loss: 0.469073
Train Epoch: 4 [36000/51088 (70%)]	Loss: 0.614029
Train Epoch: 4 [37000/51088 (72%)]	Loss: 0.484111
Train Epoch: 4 [38000/51088 (74%)]	Loss: 0.385846
Train Epoch: 4 [39000/51088 (76%)]	Loss: 0.660868
Train Epoch: 4 [40000/51088 (78%)]	Loss: 0.462031
Train Epoch: 4 [41000/51088 (80%)]	Loss: 0.648674
Train Epoch: 4 [42000/51088 (82%)]	Loss: 0.701067
Train Epoch: 4 [43000/51088 (84%)]	Loss: 0.462530
Train Epoch: 4 [44000/51088 (86%)]	Loss: 0.453265
Train Epoch: 4 [45000/51088 (88%)]	Loss: 0.688325
Train Epoch: 4 [46000/51088 (90%)]	Loss: 0.659829
Train Epoch: 4 [47000/51088 (92%)]	Loss: 0.602188
Train Epoch: 4 [48000/51088 (94%)]	Loss: 0.465859
Train Epoch: 4 [49000/51088 (96%)]	Loss: 0.603638
Train Epoch: 4 [50000/51088 (98%)]	Loss: 0.496258
Train Epoch: 4 [44880/51088 (100%)]	Loss: 0.659476

Validation set: Average loss: 0.4150, Accuracy: 5999/6798 (88%)

Saving model...
Train Epoch: 5 [0/51088 (0%)]	Loss: 0.619539
Train Epoch: 5 [1000/51088 (2%)]	Loss: 0.704083
Train Epoch: 5 [2000/51088 (4%)]	Loss: 0.418127
Train Epoch: 5 [3000/51088 (6%)]	Loss: 0.453641
Train Epoch: 5 [4000/51088 (8%)]	Loss: 0.579830
Train Epoch: 5 [5000/51088 (10%)]	Loss: 0.453778
Train Epoch: 5 [6000/51088 (12%)]	Loss: 0.436043
Train Epoch: 5 [7000/51088 (14%)]	Loss: 0.400313
Train Epoch: 5 [8000/51088 (16%)]	Loss: 0.592233
Train Epoch: 5 [9000/51088 (18%)]	Loss: 0.745836
Train Epoch: 5 [10000/51088 (20%)]	Loss: 0.451982
Train Epoch: 5 [11000/51088 (22%)]	Loss: 0.419748
Train Epoch: 5 [12000/51088 (23%)]	Loss: 0.367555
Train Epoch: 5 [13000/51088 (25%)]	Loss: 0.590985
Train Epoch: 5 [14000/51088 (27%)]	Loss: 0.380061
Train Epoch: 5 [15000/51088 (29%)]	Loss: 0.475677
Train Epoch: 5 [16000/51088 (31%)]	Loss: 0.691581
Train Epoch: 5 [17000/51088 (33%)]	Loss: 0.497062
Train Epoch: 5 [18000/51088 (35%)]	Loss: 0.629784
Train Epoch: 5 [19000/51088 (37%)]	Loss: 0.424764
Train Epoch: 5 [20000/51088 (39%)]	Loss: 0.392623
Train Epoch: 5 [21000/51088 (41%)]	Loss: 0.531403
Train Epoch: 5 [22000/51088 (43%)]	Loss: 0.698632
Train Epoch: 5 [23000/51088 (45%)]	Loss: 0.565950
Train Epoch: 5 [24000/51088 (47%)]	Loss: 0.741901
Train Epoch: 5 [25000/51088 (49%)]	Loss: 0.563948
Train Epoch: 5 [26000/51088 (51%)]	Loss: 0.583095
Train Epoch: 5 [27000/51088 (53%)]	Loss: 0.475492
Train Epoch: 5 [28000/51088 (55%)]	Loss: 0.514133
Train Epoch: 5 [29000/51088 (57%)]	Loss: 0.450908
Train Epoch: 5 [30000/51088 (59%)]	Loss: 0.531877
Train Epoch: 5 [31000/51088 (61%)]	Loss: 0.455757
Train Epoch: 5 [32000/51088 (63%)]	Loss: 0.441591
Train Epoch: 5 [33000/51088 (65%)]	Loss: 0.585308
Train Epoch: 5 [34000/51088 (67%)]	Loss: 0.579967
Train Epoch: 5 [35000/51088 (68%)]	Loss: 0.469166
Train Epoch: 5 [36000/51088 (70%)]	Loss: 0.491674
Train Epoch: 5 [37000/51088 (72%)]	Loss: 0.467334
Train Epoch: 5 [38000/51088 (74%)]	Loss: 0.555261
Train Epoch: 5 [39000/51088 (76%)]	Loss: 0.451642
Train Epoch: 5 [40000/51088 (78%)]	Loss: 0.723064
Train Epoch: 5 [41000/51088 (80%)]	Loss: 0.446439
Train Epoch: 5 [42000/51088 (82%)]	Loss: 0.552218
Train Epoch: 5 [43000/51088 (84%)]	Loss: 0.858530
Train Epoch: 5 [44000/51088 (86%)]	Loss: 0.504371
Train Epoch: 5 [45000/51088 (88%)]	Loss: 0.536554
Train Epoch: 5 [46000/51088 (90%)]	Loss: 0.501303
Train Epoch: 5 [47000/51088 (92%)]	Loss: 0.493784
Train Epoch: 5 [48000/51088 (94%)]	Loss: 0.648009
Train Epoch: 5 [49000/51088 (96%)]	Loss: 0.384176
Train Epoch: 5 [50000/51088 (98%)]	Loss: 0.602931
Train Epoch: 5 [44880/51088 (100%)]	Loss: 0.528941

Validation set: Average loss: 0.3983, Accuracy: 6057/6798 (89%)

Saving model...
Train Epoch: 6 [0/51088 (0%)]	Loss: 0.450721
Train Epoch: 6 [1000/51088 (2%)]	Loss: 0.518200
Train Epoch: 6 [2000/51088 (4%)]	Loss: 0.771237
Train Epoch: 6 [3000/51088 (6%)]	Loss: 0.400085
Train Epoch: 6 [4000/51088 (8%)]	Loss: 0.708838
Train Epoch: 6 [5000/51088 (10%)]	Loss: 0.541483
Train Epoch: 6 [6000/51088 (12%)]	Loss: 0.607961
Train Epoch: 6 [7000/51088 (14%)]	Loss: 0.439736
Train Epoch: 6 [8000/51088 (16%)]	Loss: 0.436660
Train Epoch: 6 [9000/51088 (18%)]	Loss: 0.308901
Train Epoch: 6 [10000/51088 (20%)]	Loss: 0.396177
Train Epoch: 6 [11000/51088 (22%)]	Loss: 0.402148
Train Epoch: 6 [12000/51088 (23%)]	Loss: 0.597657
Train Epoch: 6 [13000/51088 (25%)]	Loss: 0.526258
Train Epoch: 6 [14000/51088 (27%)]	Loss: 0.463151
Train Epoch: 6 [15000/51088 (29%)]	Loss: 0.346332
Train Epoch: 6 [16000/51088 (31%)]	Loss: 0.502277
Train Epoch: 6 [17000/51088 (33%)]	Loss: 0.422354
Train Epoch: 6 [18000/51088 (35%)]	Loss: 0.528757
Train Epoch: 6 [19000/51088 (37%)]	Loss: 0.356466
Train Epoch: 6 [20000/51088 (39%)]	Loss: 0.324954
Train Epoch: 6 [21000/51088 (41%)]	Loss: 0.441001
Train Epoch: 6 [22000/51088 (43%)]	Loss: 0.480014
Train Epoch: 6 [23000/51088 (45%)]	Loss: 0.332597
Train Epoch: 6 [24000/51088 (47%)]	Loss: 0.313188
Train Epoch: 6 [25000/51088 (49%)]	Loss: 0.362455
Train Epoch: 6 [26000/51088 (51%)]	Loss: 0.422019
Train Epoch: 6 [27000/51088 (53%)]	Loss: 0.410023
Train Epoch: 6 [28000/51088 (55%)]	Loss: 0.378806
Train Epoch: 6 [29000/51088 (57%)]	Loss: 0.380544
Train Epoch: 6 [30000/51088 (59%)]	Loss: 0.632263
Train Epoch: 6 [31000/51088 (61%)]	Loss: 0.546935
Train Epoch: 6 [32000/51088 (63%)]	Loss: 0.353646
Train Epoch: 6 [33000/51088 (65%)]	Loss: 0.464805
Train Epoch: 6 [34000/51088 (67%)]	Loss: 0.423000
Train Epoch: 6 [35000/51088 (68%)]	Loss: 0.519657
Train Epoch: 6 [36000/51088 (70%)]	Loss: 0.384540
Train Epoch: 6 [37000/51088 (72%)]	Loss: 0.257574
Train Epoch: 6 [38000/51088 (74%)]	Loss: 0.772524
Train Epoch: 6 [39000/51088 (76%)]	Loss: 0.479016
Train Epoch: 6 [40000/51088 (78%)]	Loss: 0.430880
Train Epoch: 6 [41000/51088 (80%)]	Loss: 0.435773
Train Epoch: 6 [42000/51088 (82%)]	Loss: 0.391922
Train Epoch: 6 [43000/51088 (84%)]	Loss: 0.481685
Train Epoch: 6 [44000/51088 (86%)]	Loss: 0.439362
Train Epoch: 6 [45000/51088 (88%)]	Loss: 0.404579
Train Epoch: 6 [46000/51088 (90%)]	Loss: 0.359844
Train Epoch: 6 [47000/51088 (92%)]	Loss: 0.451466
Train Epoch: 6 [48000/51088 (94%)]	Loss: 0.420716
Train Epoch: 6 [49000/51088 (96%)]	Loss: 0.412467
Train Epoch: 6 [50000/51088 (98%)]	Loss: 0.213720
Train Epoch: 6 [44880/51088 (100%)]	Loss: 0.368300

Validation set: Average loss: 0.3889, Accuracy: 6057/6798 (89%)

Saving model...
Train Epoch: 7 [0/51088 (0%)]	Loss: 0.500421
Train Epoch: 7 [1000/51088 (2%)]	Loss: 0.273753
Train Epoch: 7 [2000/51088 (4%)]	Loss: 0.291016
Train Epoch: 7 [3000/51088 (6%)]	Loss: 0.376494
Train Epoch: 7 [4000/51088 (8%)]	Loss: 0.356754
Train Epoch: 7 [5000/51088 (10%)]	Loss: 0.555022
Train Epoch: 7 [6000/51088 (12%)]	Loss: 0.334757
Train Epoch: 7 [7000/51088 (14%)]	Loss: 0.287263
Train Epoch: 7 [8000/51088 (16%)]	Loss: 0.514441
Train Epoch: 7 [9000/51088 (18%)]	Loss: 0.522110
Train Epoch: 7 [10000/51088 (20%)]	Loss: 0.547491
Train Epoch: 7 [11000/51088 (22%)]	Loss: 0.432053
Train Epoch: 7 [12000/51088 (23%)]	Loss: 0.220519
Train Epoch: 7 [13000/51088 (25%)]	Loss: 0.531466
Train Epoch: 7 [14000/51088 (27%)]	Loss: 0.466801
Train Epoch: 7 [15000/51088 (29%)]	Loss: 0.434798
Train Epoch: 7 [16000/51088 (31%)]	Loss: 0.388743
Train Epoch: 7 [17000/51088 (33%)]	Loss: 0.514143
Train Epoch: 7 [18000/51088 (35%)]	Loss: 0.577711
Train Epoch: 7 [19000/51088 (37%)]	Loss: 0.359325
Train Epoch: 7 [20000/51088 (39%)]	Loss: 0.383441
Train Epoch: 7 [21000/51088 (41%)]	Loss: 0.444862
Train Epoch: 7 [22000/51088 (43%)]	Loss: 0.538494
Train Epoch: 7 [23000/51088 (45%)]	Loss: 0.405397
Train Epoch: 7 [24000/51088 (47%)]	Loss: 0.420785
Train Epoch: 7 [25000/51088 (49%)]	Loss: 0.401165
Train Epoch: 7 [26000/51088 (51%)]	Loss: 0.357741
Train Epoch: 7 [27000/51088 (53%)]	Loss: 0.394927
Train Epoch: 7 [28000/51088 (55%)]	Loss: 0.388211
Train Epoch: 7 [29000/51088 (57%)]	Loss: 0.441805
Train Epoch: 7 [30000/51088 (59%)]	Loss: 0.343846
Train Epoch: 7 [31000/51088 (61%)]	Loss: 0.373308
Train Epoch: 7 [32000/51088 (63%)]	Loss: 0.476047
Train Epoch: 7 [33000/51088 (65%)]	Loss: 0.577086
Train Epoch: 7 [34000/51088 (67%)]	Loss: 0.346418
Train Epoch: 7 [35000/51088 (68%)]	Loss: 0.874165
Train Epoch: 7 [36000/51088 (70%)]	Loss: 0.282827
Train Epoch: 7 [37000/51088 (72%)]	Loss: 0.520561
Train Epoch: 7 [38000/51088 (74%)]	Loss: 0.350884
Train Epoch: 7 [39000/51088 (76%)]	Loss: 0.430341
Train Epoch: 7 [40000/51088 (78%)]	Loss: 0.487342
Train Epoch: 7 [41000/51088 (80%)]	Loss: 0.332195
Train Epoch: 7 [42000/51088 (82%)]	Loss: 0.450080
Train Epoch: 7 [43000/51088 (84%)]	Loss: 0.173146
Train Epoch: 7 [44000/51088 (86%)]	Loss: 0.503394
Train Epoch: 7 [45000/51088 (88%)]	Loss: 0.513108
Train Epoch: 7 [46000/51088 (90%)]	Loss: 0.399532
Train Epoch: 7 [47000/51088 (92%)]	Loss: 0.389442
Train Epoch: 7 [48000/51088 (94%)]	Loss: 0.358912
Train Epoch: 7 [49000/51088 (96%)]	Loss: 0.361713
Train Epoch: 7 [50000/51088 (98%)]	Loss: 0.360712
Train Epoch: 7 [44880/51088 (100%)]	Loss: 0.418972

Validation set: Average loss: 0.3944, Accuracy: 6067/6798 (89%)

Loss was not improved, iteration 1
Train Epoch: 8 [0/51088 (0%)]	Loss: 0.519543
Train Epoch: 8 [1000/51088 (2%)]	Loss: 0.353214
Train Epoch: 8 [2000/51088 (4%)]	Loss: 0.399066
Train Epoch: 8 [3000/51088 (6%)]	Loss: 0.589006
Train Epoch: 8 [4000/51088 (8%)]	Loss: 0.223665
Train Epoch: 8 [5000/51088 (10%)]	Loss: 0.466770
Train Epoch: 8 [6000/51088 (12%)]	Loss: 0.348851
Train Epoch: 8 [7000/51088 (14%)]	Loss: 0.377152
Train Epoch: 8 [8000/51088 (16%)]	Loss: 0.321773
Train Epoch: 8 [9000/51088 (18%)]	Loss: 0.385196
Train Epoch: 8 [10000/51088 (20%)]	Loss: 0.242234
Train Epoch: 8 [11000/51088 (22%)]	Loss: 0.398677
Train Epoch: 8 [12000/51088 (23%)]	Loss: 0.365010
Train Epoch: 8 [13000/51088 (25%)]	Loss: 0.313036
Train Epoch: 8 [14000/51088 (27%)]	Loss: 0.367499
Train Epoch: 8 [15000/51088 (29%)]	Loss: 0.385162
Train Epoch: 8 [16000/51088 (31%)]	Loss: 0.236347
Train Epoch: 8 [17000/51088 (33%)]	Loss: 0.312098
Train Epoch: 8 [18000/51088 (35%)]	Loss: 0.210525
Train Epoch: 8 [19000/51088 (37%)]	Loss: 0.416507
Train Epoch: 8 [20000/51088 (39%)]	Loss: 0.270596
Train Epoch: 8 [21000/51088 (41%)]	Loss: 0.435974
Train Epoch: 8 [22000/51088 (43%)]	Loss: 0.541883
Train Epoch: 8 [23000/51088 (45%)]	Loss: 0.217812
Train Epoch: 8 [24000/51088 (47%)]	Loss: 0.314131
Train Epoch: 8 [25000/51088 (49%)]	Loss: 0.435773
Train Epoch: 8 [26000/51088 (51%)]	Loss: 0.236767
Train Epoch: 8 [27000/51088 (53%)]	Loss: 0.197934
Train Epoch: 8 [28000/51088 (55%)]	Loss: 0.417507
Train Epoch: 8 [29000/51088 (57%)]	Loss: 0.182750
Train Epoch: 8 [30000/51088 (59%)]	Loss: 0.296251
Train Epoch: 8 [31000/51088 (61%)]	Loss: 0.456320
Train Epoch: 8 [32000/51088 (63%)]	Loss: 0.287357
Train Epoch: 8 [33000/51088 (65%)]	Loss: 0.484384
Train Epoch: 8 [34000/51088 (67%)]	Loss: 0.251586
Train Epoch: 8 [35000/51088 (68%)]	Loss: 0.291498
Train Epoch: 8 [36000/51088 (70%)]	Loss: 0.381815
Train Epoch: 8 [37000/51088 (72%)]	Loss: 0.450544
Train Epoch: 8 [38000/51088 (74%)]	Loss: 0.281022
Train Epoch: 8 [39000/51088 (76%)]	Loss: 0.391759
Train Epoch: 8 [40000/51088 (78%)]	Loss: 0.435997
Train Epoch: 8 [41000/51088 (80%)]	Loss: 0.413555
Train Epoch: 8 [42000/51088 (82%)]	Loss: 0.321369
Train Epoch: 8 [43000/51088 (84%)]	Loss: 0.472470
Train Epoch: 8 [44000/51088 (86%)]	Loss: 0.348533
Train Epoch: 8 [45000/51088 (88%)]	Loss: 0.468645
Train Epoch: 8 [46000/51088 (90%)]	Loss: 0.312330
Train Epoch: 8 [47000/51088 (92%)]	Loss: 0.299207
Train Epoch: 8 [48000/51088 (94%)]	Loss: 0.284466
Train Epoch: 8 [49000/51088 (96%)]	Loss: 0.276197
Train Epoch: 8 [50000/51088 (98%)]	Loss: 0.432529
Train Epoch: 8 [44880/51088 (100%)]	Loss: 0.397567

Validation set: Average loss: 0.3817, Accuracy: 6071/6798 (89%)

Saving model...
Train Epoch: 9 [0/51088 (0%)]	Loss: 0.287293
Train Epoch: 9 [1000/51088 (2%)]	Loss: 0.388524
Train Epoch: 9 [2000/51088 (4%)]	Loss: 0.280228
Train Epoch: 9 [3000/51088 (6%)]	Loss: 0.227580
Train Epoch: 9 [4000/51088 (8%)]	Loss: 0.539956
Train Epoch: 9 [5000/51088 (10%)]	Loss: 0.332730
Train Epoch: 9 [6000/51088 (12%)]	Loss: 0.437252
Train Epoch: 9 [7000/51088 (14%)]	Loss: 0.326657
Train Epoch: 9 [8000/51088 (16%)]	Loss: 0.193460
Train Epoch: 9 [9000/51088 (18%)]	Loss: 0.313381
Train Epoch: 9 [10000/51088 (20%)]	Loss: 0.473796
Train Epoch: 9 [11000/51088 (22%)]	Loss: 0.349631
Train Epoch: 9 [12000/51088 (23%)]	Loss: 0.240114
Train Epoch: 9 [13000/51088 (25%)]	Loss: 0.341913
Train Epoch: 9 [14000/51088 (27%)]	Loss: 0.276201
Train Epoch: 9 [15000/51088 (29%)]	Loss: 0.276981
Train Epoch: 9 [16000/51088 (31%)]	Loss: 0.144028
Train Epoch: 9 [17000/51088 (33%)]	Loss: 0.332806
Train Epoch: 9 [18000/51088 (35%)]	Loss: 0.336060
Train Epoch: 9 [19000/51088 (37%)]	Loss: 0.459824
Train Epoch: 9 [20000/51088 (39%)]	Loss: 0.410017
Train Epoch: 9 [21000/51088 (41%)]	Loss: 0.370966
Train Epoch: 9 [22000/51088 (43%)]	Loss: 0.350113
Train Epoch: 9 [23000/51088 (45%)]	Loss: 0.405682
Train Epoch: 9 [24000/51088 (47%)]	Loss: 0.417331
Train Epoch: 9 [25000/51088 (49%)]	Loss: 0.334832
Train Epoch: 9 [26000/51088 (51%)]	Loss: 0.294257
Train Epoch: 9 [27000/51088 (53%)]	Loss: 0.507374
Train Epoch: 9 [28000/51088 (55%)]	Loss: 0.260170
Train Epoch: 9 [29000/51088 (57%)]	Loss: 0.338730
Train Epoch: 9 [30000/51088 (59%)]	Loss: 0.478861
Train Epoch: 9 [31000/51088 (61%)]	Loss: 0.381090
Train Epoch: 9 [32000/51088 (63%)]	Loss: 0.385538
Train Epoch: 9 [33000/51088 (65%)]	Loss: 0.256673
Train Epoch: 9 [34000/51088 (67%)]	Loss: 0.387192
Train Epoch: 9 [35000/51088 (68%)]	Loss: 0.295194
Train Epoch: 9 [36000/51088 (70%)]	Loss: 0.319170
Train Epoch: 9 [37000/51088 (72%)]	Loss: 0.363967
Train Epoch: 9 [38000/51088 (74%)]	Loss: 0.225734
Train Epoch: 9 [39000/51088 (76%)]	Loss: 0.285598
Train Epoch: 9 [40000/51088 (78%)]	Loss: 0.405266
Train Epoch: 9 [41000/51088 (80%)]	Loss: 0.303899
Train Epoch: 9 [42000/51088 (82%)]	Loss: 0.377938
Train Epoch: 9 [43000/51088 (84%)]	Loss: 0.338713
Train Epoch: 9 [44000/51088 (86%)]	Loss: 0.355985
Train Epoch: 9 [45000/51088 (88%)]	Loss: 0.368272
Train Epoch: 9 [46000/51088 (90%)]	Loss: 0.272750
Train Epoch: 9 [47000/51088 (92%)]	Loss: 0.246016
Train Epoch: 9 [48000/51088 (94%)]	Loss: 0.509780
Train Epoch: 9 [49000/51088 (96%)]	Loss: 0.299613
Train Epoch: 9 [50000/51088 (98%)]	Loss: 0.328507
Train Epoch: 9 [44880/51088 (100%)]	Loss: 0.172668

Validation set: Average loss: 0.3867, Accuracy: 6082/6798 (89%)

Loss was not improved, iteration 1
Train Epoch: 10 [0/51088 (0%)]	Loss: 0.199733
Train Epoch: 10 [1000/51088 (2%)]	Loss: 0.367604
Train Epoch: 10 [2000/51088 (4%)]	Loss: 0.410613
Train Epoch: 10 [3000/51088 (6%)]	Loss: 0.367030
Train Epoch: 10 [4000/51088 (8%)]	Loss: 0.184905
Train Epoch: 10 [5000/51088 (10%)]	Loss: 0.193747
Train Epoch: 10 [6000/51088 (12%)]	Loss: 0.295743
Train Epoch: 10 [7000/51088 (14%)]	Loss: 0.339023
Train Epoch: 10 [8000/51088 (16%)]	Loss: 0.317121
Train Epoch: 10 [9000/51088 (18%)]	Loss: 0.301402
Train Epoch: 10 [10000/51088 (20%)]	Loss: 0.235671
Train Epoch: 10 [11000/51088 (22%)]	Loss: 0.263455
Train Epoch: 10 [12000/51088 (23%)]	Loss: 0.167194
Train Epoch: 10 [13000/51088 (25%)]	Loss: 0.195271
Train Epoch: 10 [14000/51088 (27%)]	Loss: 0.268566
Train Epoch: 10 [15000/51088 (29%)]	Loss: 0.207515
Train Epoch: 10 [16000/51088 (31%)]	Loss: 0.480867
Train Epoch: 10 [17000/51088 (33%)]	Loss: 0.316250
Train Epoch: 10 [18000/51088 (35%)]	Loss: 0.204836
Train Epoch: 10 [19000/51088 (37%)]	Loss: 0.181858
Train Epoch: 10 [20000/51088 (39%)]	Loss: 0.326332
Train Epoch: 10 [21000/51088 (41%)]	Loss: 0.333489
Train Epoch: 10 [22000/51088 (43%)]	Loss: 0.245691
Train Epoch: 10 [23000/51088 (45%)]	Loss: 0.194342
Train Epoch: 10 [24000/51088 (47%)]	Loss: 0.275626
Train Epoch: 10 [25000/51088 (49%)]	Loss: 0.399026
Train Epoch: 10 [26000/51088 (51%)]	Loss: 0.273323
Train Epoch: 10 [27000/51088 (53%)]	Loss: 0.486717
Train Epoch: 10 [28000/51088 (55%)]	Loss: 0.318762
Train Epoch: 10 [29000/51088 (57%)]	Loss: 0.422624
Train Epoch: 10 [30000/51088 (59%)]	Loss: 0.259550
Train Epoch: 10 [31000/51088 (61%)]	Loss: 0.450786
Train Epoch: 10 [32000/51088 (63%)]	Loss: 0.366202
Train Epoch: 10 [33000/51088 (65%)]	Loss: 0.316379
Train Epoch: 10 [34000/51088 (67%)]	Loss: 0.262712
Train Epoch: 10 [35000/51088 (68%)]	Loss: 0.297194
Train Epoch: 10 [36000/51088 (70%)]	Loss: 0.416753
Train Epoch: 10 [37000/51088 (72%)]	Loss: 0.390569
Train Epoch: 10 [38000/51088 (74%)]	Loss: 0.367568
Train Epoch: 10 [39000/51088 (76%)]	Loss: 0.393548
Train Epoch: 10 [40000/51088 (78%)]	Loss: 0.387926
Train Epoch: 10 [41000/51088 (80%)]	Loss: 0.252692
Train Epoch: 10 [42000/51088 (82%)]	Loss: 0.191180
Train Epoch: 10 [43000/51088 (84%)]	Loss: 0.227061
Train Epoch: 10 [44000/51088 (86%)]	Loss: 0.612311
Train Epoch: 10 [45000/51088 (88%)]	Loss: 0.387137
Train Epoch: 10 [46000/51088 (90%)]	Loss: 0.294646
Train Epoch: 10 [47000/51088 (92%)]	Loss: 0.324904
Train Epoch: 10 [48000/51088 (94%)]	Loss: 0.206052
Train Epoch: 10 [49000/51088 (96%)]	Loss: 0.252204
Train Epoch: 10 [50000/51088 (98%)]	Loss: 0.302911
Train Epoch: 10 [44880/51088 (100%)]	Loss: 0.284753

Validation set: Average loss: 0.3620, Accuracy: 6113/6798 (89%)

Saving model...
Train Epoch: 11 [0/51088 (0%)]	Loss: 0.283814
Train Epoch: 11 [1000/51088 (2%)]	Loss: 0.254215
Train Epoch: 11 [2000/51088 (4%)]	Loss: 0.251934
Train Epoch: 11 [3000/51088 (6%)]	Loss: 0.169721
Train Epoch: 11 [4000/51088 (8%)]	Loss: 0.103570
Train Epoch: 11 [5000/51088 (10%)]	Loss: 0.343258
Train Epoch: 11 [6000/51088 (12%)]	Loss: 0.191464
Train Epoch: 11 [7000/51088 (14%)]	Loss: 0.305942
Train Epoch: 11 [8000/51088 (16%)]	Loss: 0.490111
Train Epoch: 11 [9000/51088 (18%)]	Loss: 0.340008
Train Epoch: 11 [10000/51088 (20%)]	Loss: 0.278543
Train Epoch: 11 [11000/51088 (22%)]	Loss: 0.354882
Train Epoch: 11 [12000/51088 (23%)]	Loss: 0.255300
Train Epoch: 11 [13000/51088 (25%)]	Loss: 0.219782
Train Epoch: 11 [14000/51088 (27%)]	Loss: 0.339037
Train Epoch: 11 [15000/51088 (29%)]	Loss: 0.501454
Train Epoch: 11 [16000/51088 (31%)]	Loss: 0.332845
Train Epoch: 11 [17000/51088 (33%)]	Loss: 0.244144
Train Epoch: 11 [18000/51088 (35%)]	Loss: 0.331167
Train Epoch: 11 [19000/51088 (37%)]	Loss: 0.377934
Train Epoch: 11 [20000/51088 (39%)]	Loss: 0.238480
Train Epoch: 11 [21000/51088 (41%)]	Loss: 0.389394
Train Epoch: 11 [22000/51088 (43%)]	Loss: 0.472551
Train Epoch: 11 [23000/51088 (45%)]	Loss: 0.279402
Train Epoch: 11 [24000/51088 (47%)]	Loss: 0.297326
Train Epoch: 11 [25000/51088 (49%)]	Loss: 0.301112
Train Epoch: 11 [26000/51088 (51%)]	Loss: 0.483769
Train Epoch: 11 [27000/51088 (53%)]	Loss: 0.338915
Train Epoch: 11 [28000/51088 (55%)]	Loss: 0.367627
Train Epoch: 11 [29000/51088 (57%)]	Loss: 0.235731
Train Epoch: 11 [30000/51088 (59%)]	Loss: 0.194963
Train Epoch: 11 [31000/51088 (61%)]	Loss: 0.199802
Train Epoch: 11 [32000/51088 (63%)]	Loss: 0.533494
Train Epoch: 11 [33000/51088 (65%)]	Loss: 0.297081
Train Epoch: 11 [34000/51088 (67%)]	Loss: 0.298705
Train Epoch: 11 [35000/51088 (68%)]	Loss: 0.407505
Train Epoch: 11 [36000/51088 (70%)]	Loss: 0.404998
Train Epoch: 11 [37000/51088 (72%)]	Loss: 0.647222
Train Epoch: 11 [38000/51088 (74%)]	Loss: 0.399012
Train Epoch: 11 [39000/51088 (76%)]	Loss: 0.370106
Train Epoch: 11 [40000/51088 (78%)]	Loss: 0.244536
Train Epoch: 11 [41000/51088 (80%)]	Loss: 0.192248
Train Epoch: 11 [42000/51088 (82%)]	Loss: 0.172285
Train Epoch: 11 [43000/51088 (84%)]	Loss: 0.211815
Train Epoch: 11 [44000/51088 (86%)]	Loss: 0.354351
Train Epoch: 11 [45000/51088 (88%)]	Loss: 0.203417
Train Epoch: 11 [46000/51088 (90%)]	Loss: 0.230197
Train Epoch: 11 [47000/51088 (92%)]	Loss: 0.325578
Train Epoch: 11 [48000/51088 (94%)]	Loss: 0.264451
Train Epoch: 11 [49000/51088 (96%)]	Loss: 0.187767
Train Epoch: 11 [50000/51088 (98%)]	Loss: 0.505970
Train Epoch: 11 [44880/51088 (100%)]	Loss: 0.269489

Validation set: Average loss: 0.3576, Accuracy: 6114/6798 (89%)

Saving model...
Train Epoch: 12 [0/51088 (0%)]	Loss: 0.219482
Train Epoch: 12 [1000/51088 (2%)]	Loss: 0.229487
Train Epoch: 12 [2000/51088 (4%)]	Loss: 0.242695
Train Epoch: 12 [3000/51088 (6%)]	Loss: 0.280021
Train Epoch: 12 [4000/51088 (8%)]	Loss: 0.279555
Train Epoch: 12 [5000/51088 (10%)]	Loss: 0.438401
Train Epoch: 12 [6000/51088 (12%)]	Loss: 0.330783
Train Epoch: 12 [7000/51088 (14%)]	Loss: 0.281517
Train Epoch: 12 [8000/51088 (16%)]	Loss: 0.181685
Train Epoch: 12 [9000/51088 (18%)]	Loss: 0.160368
Train Epoch: 12 [10000/51088 (20%)]	Loss: 0.276950
Train Epoch: 12 [11000/51088 (22%)]	Loss: 0.362897
Train Epoch: 12 [12000/51088 (23%)]	Loss: 0.462682
Train Epoch: 12 [13000/51088 (25%)]	Loss: 0.388580
Train Epoch: 12 [14000/51088 (27%)]	Loss: 0.325128
Train Epoch: 12 [15000/51088 (29%)]	Loss: 0.124869
Train Epoch: 12 [16000/51088 (31%)]	Loss: 0.154536
Train Epoch: 12 [17000/51088 (33%)]	Loss: 0.300769
Train Epoch: 12 [18000/51088 (35%)]	Loss: 0.287780
Train Epoch: 12 [19000/51088 (37%)]	Loss: 0.305283
Train Epoch: 12 [20000/51088 (39%)]	Loss: 0.201375
Train Epoch: 12 [21000/51088 (41%)]	Loss: 0.248759
Train Epoch: 12 [22000/51088 (43%)]	Loss: 0.271908
Train Epoch: 12 [23000/51088 (45%)]	Loss: 0.378539
Train Epoch: 12 [24000/51088 (47%)]	Loss: 0.181906
Train Epoch: 12 [25000/51088 (49%)]	Loss: 0.276430
Train Epoch: 12 [26000/51088 (51%)]	Loss: 0.259947
Train Epoch: 12 [27000/51088 (53%)]	Loss: 0.287379
Train Epoch: 12 [28000/51088 (55%)]	Loss: 0.422466
Train Epoch: 12 [29000/51088 (57%)]	Loss: 0.301796
Train Epoch: 12 [30000/51088 (59%)]	Loss: 0.220083
Train Epoch: 12 [31000/51088 (61%)]	Loss: 0.194970
Train Epoch: 12 [32000/51088 (63%)]	Loss: 0.242925
Train Epoch: 12 [33000/51088 (65%)]	Loss: 0.291855
Train Epoch: 12 [34000/51088 (67%)]	Loss: 0.195300
Train Epoch: 12 [35000/51088 (68%)]	Loss: 0.279954
Train Epoch: 12 [36000/51088 (70%)]	Loss: 0.357244
Train Epoch: 12 [37000/51088 (72%)]	Loss: 0.268943
Train Epoch: 12 [38000/51088 (74%)]	Loss: 0.315803
Train Epoch: 12 [39000/51088 (76%)]	Loss: 0.418370
Train Epoch: 12 [40000/51088 (78%)]	Loss: 0.169849
Train Epoch: 12 [41000/51088 (80%)]	Loss: 0.346829
Train Epoch: 12 [42000/51088 (82%)]	Loss: 0.148427
Train Epoch: 12 [43000/51088 (84%)]	Loss: 0.292118
Train Epoch: 12 [44000/51088 (86%)]	Loss: 0.484609
Train Epoch: 12 [45000/51088 (88%)]	Loss: 0.335170
Train Epoch: 12 [46000/51088 (90%)]	Loss: 0.191197
Train Epoch: 12 [47000/51088 (92%)]	Loss: 0.216161
Train Epoch: 12 [48000/51088 (94%)]	Loss: 0.299783
Train Epoch: 12 [49000/51088 (96%)]	Loss: 0.201431
Train Epoch: 12 [50000/51088 (98%)]	Loss: 0.201365
Train Epoch: 12 [44880/51088 (100%)]	Loss: 0.297252

Validation set: Average loss: 0.3960, Accuracy: 6083/6798 (89%)

Loss was not improved, iteration 1
Train Epoch: 13 [0/51088 (0%)]	Loss: 0.161845
Train Epoch: 13 [1000/51088 (2%)]	Loss: 0.409510
Train Epoch: 13 [2000/51088 (4%)]	Loss: 0.135789
Train Epoch: 13 [3000/51088 (6%)]	Loss: 0.264047
Train Epoch: 13 [4000/51088 (8%)]	Loss: 0.289753
Train Epoch: 13 [5000/51088 (10%)]	Loss: 0.210412
Train Epoch: 13 [6000/51088 (12%)]	Loss: 0.266457
Train Epoch: 13 [7000/51088 (14%)]	Loss: 0.161623
Train Epoch: 13 [8000/51088 (16%)]	Loss: 0.222002
Train Epoch: 13 [9000/51088 (18%)]	Loss: 0.443232
Train Epoch: 13 [10000/51088 (20%)]	Loss: 0.150215
Train Epoch: 13 [11000/51088 (22%)]	Loss: 0.281843
Train Epoch: 13 [12000/51088 (23%)]	Loss: 0.312765
Train Epoch: 13 [13000/51088 (25%)]	Loss: 0.366416
Train Epoch: 13 [14000/51088 (27%)]	Loss: 0.278877
Train Epoch: 13 [15000/51088 (29%)]	Loss: 0.191016
Train Epoch: 13 [16000/51088 (31%)]	Loss: 0.289815
Train Epoch: 13 [17000/51088 (33%)]	Loss: 0.144998
Train Epoch: 13 [18000/51088 (35%)]	Loss: 0.238069
Train Epoch: 13 [19000/51088 (37%)]	Loss: 0.379630
Train Epoch: 13 [20000/51088 (39%)]	Loss: 0.288787
Train Epoch: 13 [21000/51088 (41%)]	Loss: 0.196888
Train Epoch: 13 [22000/51088 (43%)]	Loss: 0.184205
Train Epoch: 13 [23000/51088 (45%)]	Loss: 0.247592
Train Epoch: 13 [24000/51088 (47%)]	Loss: 0.161648
Train Epoch: 13 [25000/51088 (49%)]	Loss: 0.336492
Train Epoch: 13 [26000/51088 (51%)]	Loss: 0.260417
Train Epoch: 13 [27000/51088 (53%)]	Loss: 0.283131
Train Epoch: 13 [28000/51088 (55%)]	Loss: 0.210078
Train Epoch: 13 [29000/51088 (57%)]	Loss: 0.259590
Train Epoch: 13 [30000/51088 (59%)]	Loss: 0.521002
Train Epoch: 13 [31000/51088 (61%)]	Loss: 0.287005
Train Epoch: 13 [32000/51088 (63%)]	Loss: 0.356483
Train Epoch: 13 [33000/51088 (65%)]	Loss: 0.362432
Train Epoch: 13 [34000/51088 (67%)]	Loss: 0.320336
Train Epoch: 13 [35000/51088 (68%)]	Loss: 0.288743
Train Epoch: 13 [36000/51088 (70%)]	Loss: 0.317616
Train Epoch: 13 [37000/51088 (72%)]	Loss: 0.263584
Train Epoch: 13 [38000/51088 (74%)]	Loss: 0.274503
Train Epoch: 13 [39000/51088 (76%)]	Loss: 0.325306
Train Epoch: 13 [40000/51088 (78%)]	Loss: 0.348382
Train Epoch: 13 [41000/51088 (80%)]	Loss: 0.350275
Train Epoch: 13 [42000/51088 (82%)]	Loss: 0.256226
Train Epoch: 13 [43000/51088 (84%)]	Loss: 0.171305
Train Epoch: 13 [44000/51088 (86%)]	Loss: 0.164989
Train Epoch: 13 [45000/51088 (88%)]	Loss: 0.304263
Train Epoch: 13 [46000/51088 (90%)]	Loss: 0.145601
Train Epoch: 13 [47000/51088 (92%)]	Loss: 0.224990
Train Epoch: 13 [48000/51088 (94%)]	Loss: 0.396632
Train Epoch: 13 [49000/51088 (96%)]	Loss: 0.231016
Train Epoch: 13 [50000/51088 (98%)]	Loss: 0.184728
Train Epoch: 13 [44880/51088 (100%)]	Loss: 0.160671

Validation set: Average loss: 0.3899, Accuracy: 6107/6798 (89%)

Loss was not improved, iteration 2
Train Epoch: 14 [0/51088 (0%)]	Loss: 0.205335
Train Epoch: 14 [1000/51088 (2%)]	Loss: 0.203979
Train Epoch: 14 [2000/51088 (4%)]	Loss: 0.228663
Train Epoch: 14 [3000/51088 (6%)]	Loss: 0.226581
Train Epoch: 14 [4000/51088 (8%)]	Loss: 0.211526
Train Epoch: 14 [5000/51088 (10%)]	Loss: 0.207813
Train Epoch: 14 [6000/51088 (12%)]	Loss: 0.307261
Train Epoch: 14 [7000/51088 (14%)]	Loss: 0.250207
Train Epoch: 14 [8000/51088 (16%)]	Loss: 0.222493
Train Epoch: 14 [9000/51088 (18%)]	Loss: 0.240059
Train Epoch: 14 [10000/51088 (20%)]	Loss: 0.302202
Train Epoch: 14 [11000/51088 (22%)]	Loss: 0.168338
Train Epoch: 14 [12000/51088 (23%)]	Loss: 0.382237
Train Epoch: 14 [13000/51088 (25%)]	Loss: 0.203937
Train Epoch: 14 [14000/51088 (27%)]	Loss: 0.198146
Train Epoch: 14 [15000/51088 (29%)]	Loss: 0.215295
Train Epoch: 14 [16000/51088 (31%)]	Loss: 0.248053
Train Epoch: 14 [17000/51088 (33%)]	Loss: 0.152184
Train Epoch: 14 [18000/51088 (35%)]	Loss: 0.215461
Train Epoch: 14 [19000/51088 (37%)]	Loss: 0.263896
Train Epoch: 14 [20000/51088 (39%)]	Loss: 0.355913
Train Epoch: 14 [21000/51088 (41%)]	Loss: 0.210883
Train Epoch: 14 [22000/51088 (43%)]	Loss: 0.180486
Train Epoch: 14 [23000/51088 (45%)]	Loss: 0.232984
Train Epoch: 14 [24000/51088 (47%)]	Loss: 0.211308
Train Epoch: 14 [25000/51088 (49%)]	Loss: 0.288152
Train Epoch: 14 [26000/51088 (51%)]	Loss: 0.426363
Train Epoch: 14 [27000/51088 (53%)]	Loss: 0.269366
Train Epoch: 14 [28000/51088 (55%)]	Loss: 0.314712
Train Epoch: 14 [29000/51088 (57%)]	Loss: 0.325199
Train Epoch: 14 [30000/51088 (59%)]	Loss: 0.182993
Train Epoch: 14 [31000/51088 (61%)]	Loss: 0.194044
Train Epoch: 14 [32000/51088 (63%)]	Loss: 0.223073
Train Epoch: 14 [33000/51088 (65%)]	Loss: 0.228747
Train Epoch: 14 [34000/51088 (67%)]	Loss: 0.123624
Train Epoch: 14 [35000/51088 (68%)]	Loss: 0.218468
Train Epoch: 14 [36000/51088 (70%)]	Loss: 0.382600
Train Epoch: 14 [37000/51088 (72%)]	Loss: 0.239769
Train Epoch: 14 [38000/51088 (74%)]	Loss: 0.198812
Train Epoch: 14 [39000/51088 (76%)]	Loss: 0.210363
Train Epoch: 14 [40000/51088 (78%)]	Loss: 0.314421
Train Epoch: 14 [41000/51088 (80%)]	Loss: 0.271756
Train Epoch: 14 [42000/51088 (82%)]	Loss: 0.175876
Train Epoch: 14 [43000/51088 (84%)]	Loss: 0.171881
Train Epoch: 14 [44000/51088 (86%)]	Loss: 0.395566
Train Epoch: 14 [45000/51088 (88%)]	Loss: 0.164631
Train Epoch: 14 [46000/51088 (90%)]	Loss: 0.189091
Train Epoch: 14 [47000/51088 (92%)]	Loss: 0.173341
Train Epoch: 14 [48000/51088 (94%)]	Loss: 0.111913
Train Epoch: 14 [49000/51088 (96%)]	Loss: 0.126589
Train Epoch: 14 [50000/51088 (98%)]	Loss: 0.353869
Train Epoch: 14 [44880/51088 (100%)]	Loss: 0.202829

Validation set: Average loss: 0.3735, Accuracy: 6146/6798 (90%)

Loss was not improved, iteration 3
Train Epoch: 15 [0/51088 (0%)]	Loss: 0.287588
Train Epoch: 15 [1000/51088 (2%)]	Loss: 0.228576
Train Epoch: 15 [2000/51088 (4%)]	Loss: 0.410006
Train Epoch: 15 [3000/51088 (6%)]	Loss: 0.143183
Train Epoch: 15 [4000/51088 (8%)]	Loss: 0.175328
Train Epoch: 15 [5000/51088 (10%)]	Loss: 0.248147
Train Epoch: 15 [6000/51088 (12%)]	Loss: 0.472466
Train Epoch: 15 [7000/51088 (14%)]	Loss: 0.238072
Train Epoch: 15 [8000/51088 (16%)]	Loss: 0.181368
Train Epoch: 15 [9000/51088 (18%)]	Loss: 0.162495
Train Epoch: 15 [10000/51088 (20%)]	Loss: 0.202829
Train Epoch: 15 [11000/51088 (22%)]	Loss: 0.228379
Train Epoch: 15 [12000/51088 (23%)]	Loss: 0.149345
Train Epoch: 15 [13000/51088 (25%)]	Loss: 0.246607
Train Epoch: 15 [14000/51088 (27%)]	Loss: 0.237923
Train Epoch: 15 [15000/51088 (29%)]	Loss: 0.136313
Train Epoch: 15 [16000/51088 (31%)]	Loss: 0.277821
Train Epoch: 15 [17000/51088 (33%)]	Loss: 0.200534
Train Epoch: 15 [18000/51088 (35%)]	Loss: 0.261710
Train Epoch: 15 [19000/51088 (37%)]	Loss: 0.237998
Train Epoch: 15 [20000/51088 (39%)]	Loss: 0.167252
Train Epoch: 15 [21000/51088 (41%)]	Loss: 0.484304
Train Epoch: 15 [22000/51088 (43%)]	Loss: 0.207879
Train Epoch: 15 [23000/51088 (45%)]	Loss: 0.250935
Train Epoch: 15 [24000/51088 (47%)]	Loss: 0.390715
Train Epoch: 15 [25000/51088 (49%)]	Loss: 0.272758
Train Epoch: 15 [26000/51088 (51%)]	Loss: 0.214602
Train Epoch: 15 [27000/51088 (53%)]	Loss: 0.275449
Train Epoch: 15 [28000/51088 (55%)]	Loss: 0.303571
Train Epoch: 15 [29000/51088 (57%)]	Loss: 0.125790
Train Epoch: 15 [30000/51088 (59%)]	Loss: 0.287549
Train Epoch: 15 [31000/51088 (61%)]	Loss: 0.261213
Train Epoch: 15 [32000/51088 (63%)]	Loss: 0.173770
Train Epoch: 15 [33000/51088 (65%)]	Loss: 0.173714
Train Epoch: 15 [34000/51088 (67%)]	Loss: 0.169546
Train Epoch: 15 [35000/51088 (68%)]	Loss: 0.240984
Train Epoch: 15 [36000/51088 (70%)]	Loss: 0.239729
Train Epoch: 15 [37000/51088 (72%)]	Loss: 0.200537
Train Epoch: 15 [38000/51088 (74%)]	Loss: 0.145717
Train Epoch: 15 [39000/51088 (76%)]	Loss: 0.217632
Train Epoch: 15 [40000/51088 (78%)]	Loss: 0.184753
Train Epoch: 15 [41000/51088 (80%)]	Loss: 0.160100
Train Epoch: 15 [42000/51088 (82%)]	Loss: 0.290866
Train Epoch: 15 [43000/51088 (84%)]	Loss: 0.300425
Train Epoch: 15 [44000/51088 (86%)]	Loss: 0.457548
Train Epoch: 15 [45000/51088 (88%)]	Loss: 0.345322
Train Epoch: 15 [46000/51088 (90%)]	Loss: 0.305303
Train Epoch: 15 [47000/51088 (92%)]	Loss: 0.279201
Train Epoch: 15 [48000/51088 (94%)]	Loss: 0.279744
Train Epoch: 15 [49000/51088 (96%)]	Loss: 0.281803
Train Epoch: 15 [50000/51088 (98%)]	Loss: 0.169034
Train Epoch: 15 [44880/51088 (100%)]	Loss: 0.285962

Validation set: Average loss: 0.3782, Accuracy: 6158/6798 (90%)

Loss was not improved, iteration 4
Train Epoch: 16 [0/51088 (0%)]	Loss: 0.242590
Train Epoch: 16 [1000/51088 (2%)]	Loss: 0.171699
Train Epoch: 16 [2000/51088 (4%)]	Loss: 0.214197
Train Epoch: 16 [3000/51088 (6%)]	Loss: 0.233486
Train Epoch: 16 [4000/51088 (8%)]	Loss: 0.145743
Train Epoch: 16 [5000/51088 (10%)]	Loss: 0.259839
Train Epoch: 16 [6000/51088 (12%)]	Loss: 0.100926
Train Epoch: 16 [7000/51088 (14%)]	Loss: 0.129623
Train Epoch: 16 [8000/51088 (16%)]	Loss: 0.331902
Train Epoch: 16 [9000/51088 (18%)]	Loss: 0.322416
Train Epoch: 16 [10000/51088 (20%)]	Loss: 0.341434
Train Epoch: 16 [11000/51088 (22%)]	Loss: 0.132201
Train Epoch: 16 [12000/51088 (23%)]	Loss: 0.281932
Train Epoch: 16 [13000/51088 (25%)]	Loss: 0.066229
Train Epoch: 16 [14000/51088 (27%)]	Loss: 0.329829
Train Epoch: 16 [15000/51088 (29%)]	Loss: 0.228915
Train Epoch: 16 [16000/51088 (31%)]	Loss: 0.114562
Train Epoch: 16 [17000/51088 (33%)]	Loss: 0.291310
Train Epoch: 16 [18000/51088 (35%)]	Loss: 0.159275
Train Epoch: 16 [19000/51088 (37%)]	Loss: 0.342714
Train Epoch: 16 [20000/51088 (39%)]	Loss: 0.127586
Train Epoch: 16 [21000/51088 (41%)]	Loss: 0.160963
Train Epoch: 16 [22000/51088 (43%)]	Loss: 0.221760
Train Epoch: 16 [23000/51088 (45%)]	Loss: 0.411232
Train Epoch: 16 [24000/51088 (47%)]	Loss: 0.285892
Train Epoch: 16 [25000/51088 (49%)]	Loss: 0.283887
Train Epoch: 16 [26000/51088 (51%)]	Loss: 0.255537
Train Epoch: 16 [27000/51088 (53%)]	Loss: 0.221266
Train Epoch: 16 [28000/51088 (55%)]	Loss: 0.234980
Train Epoch: 16 [29000/51088 (57%)]	Loss: 0.115946
Train Epoch: 16 [30000/51088 (59%)]	Loss: 0.270815
Train Epoch: 16 [31000/51088 (61%)]	Loss: 0.156972
Train Epoch: 16 [32000/51088 (63%)]	Loss: 0.252535
Train Epoch: 16 [33000/51088 (65%)]	Loss: 0.223802
Train Epoch: 16 [34000/51088 (67%)]	Loss: 0.193254
Train Epoch: 16 [35000/51088 (68%)]	Loss: 0.249378
Train Epoch: 16 [36000/51088 (70%)]	Loss: 0.198467
Train Epoch: 16 [37000/51088 (72%)]	Loss: 0.261756
Train Epoch: 16 [38000/51088 (74%)]	Loss: 0.222841
Train Epoch: 16 [39000/51088 (76%)]	Loss: 0.123753
Train Epoch: 16 [40000/51088 (78%)]	Loss: 0.278436
Train Epoch: 16 [41000/51088 (80%)]	Loss: 0.218222
Train Epoch: 16 [42000/51088 (82%)]	Loss: 0.366707
Train Epoch: 16 [43000/51088 (84%)]	Loss: 0.172859
Train Epoch: 16 [44000/51088 (86%)]	Loss: 0.196800
Train Epoch: 16 [45000/51088 (88%)]	Loss: 0.384506
Train Epoch: 16 [46000/51088 (90%)]	Loss: 0.397664
Train Epoch: 16 [47000/51088 (92%)]	Loss: 0.087368
Train Epoch: 16 [48000/51088 (94%)]	Loss: 0.261129
Train Epoch: 16 [49000/51088 (96%)]	Loss: 0.176444
Train Epoch: 16 [50000/51088 (98%)]	Loss: 0.367350
Train Epoch: 16 [44880/51088 (100%)]	Loss: 0.169692

Validation set: Average loss: 0.3817, Accuracy: 6158/6798 (90%)

Loss was not improved, iteration 5
/scratch/asd508/bdml/BDML/train.py:34: UserWarning: volatile was removed and now has no effect. Use `with torch.no_grad():` instead.
  data, target = Variable(data, volatile=True), Variable(target)
/scratch/asd508/bdml/BDML/train.py:36: UserWarning: invalid index of a 0-dim tensor. This will be an error in PyTorch 0.5. Use tensor.item() to convert a 0-dim tensor to a Python number
  test_loss += F.nll_loss(output, target, size_average=False).data[0]  # sum up batch loss

Test set: Average loss: 0.4003, Accuracy: 6128/6835 (89%)

